P2
11
11
255






























254
255
243
168
142
142
150
231
255
252
255

254
255
243
168
142
142
150
231
255
252
255

254
255
243
168
142
142
150
231
255
252
255

254
255
243
168
142
142
150
231
255
252
255

254
255
243
168
142
142
150
231
255
252
255

254
255
243
168
142
142
150
231
255
252
255

254
255
243
168
142
142
150
231
255
252
255

254
255
243
168
142
142
150
231
255
252
255

254
255
243
168
142
142
150
231
255
252
255

254
255
243
168
142
142
150
231
255
252
255

254
255
243
168
142
142
150
231
255
252
255

























Program terminated when maximum step limit -1 reached.

